0	18:08:43.696	Custom indicator MACD EURUSD,H1: loaded successfully
0	18:09:17.685	MACD EURUSD,H1: Wrong input parameters
3	18:09:17.685	MACD EURUSD,H1: initialization failed (1)
0	18:09:17.685	MACD EURUSD,H1: uninit reason 8
0	18:09:17.687	Custom indicator MACD EURUSD,H1: removed
0	18:09:25.980	Custom indicator MACD EURUSD,H1: loaded successfully
0	18:09:47.903	MACD EURUSD,H1: initialized
0	18:09:58.493	MACD EURUSD,H1: uninit reason 5
0	18:09:58.533	MACD EURUSD,H1: Wrong input parameters
3	18:09:58.533	MACD EURUSD,H1: initialization failed (1)
0	18:09:58.533	MACD EURUSD,H1: uninit reason 8
0	18:09:58.537	Custom indicator MACD EURUSD,H1: removed
0	18:10:32.152	Custom indicator MACD EURUSD,H1: loaded successfully
0	18:10:43.267	MACD EURUSD,H1: initialized
0	21:27:13.097	MACD EURUSD,H1: uninit reason 3
0	21:27:13.097	MACD EURUSD,Daily: initialized
0	21:27:14.059	MACD EURUSD,Daily: uninit reason 3
0	21:27:14.092	MACD EURUSD,Weekly: initialized
0	21:37:40.657	MACD EURUSD,Weekly: uninit reason 3
0	21:37:40.657	MACD EURUSD,Daily: initialized
0	21:37:56.570	MACD EURUSD,Daily: uninit reason 3
0	21:37:56.570	MACD EURUSD,Weekly: initialized
0	21:38:59.528	MACD EURUSD,Weekly: uninit reason 3
0	21:38:59.528	MACD EURUSD,Daily: initialized
0	21:44:04.270	MACD EURUSD,Daily: uninit reason 3
0	21:44:04.270	MACD EURUSD,Weekly: initialized
0	21:44:05.654	MACD EURUSD,Weekly: uninit reason 3
0	21:44:05.654	MACD EURUSD,Daily: initialized
0	21:45:41.782	MACD EURUSD,Daily: uninit reason 3
0	21:45:41.782	MACD EURUSD,Weekly: initialized
0	21:45:44.247	MACD EURUSD,Weekly: uninit reason 3
0	21:45:44.247	MACD EURUSD,Daily: initialized
0	21:45:45.527	MACD EURUSD,Daily: uninit reason 3
0	21:45:45.527	MACD EURUSD,H4: initialized
0	21:48:59.625	MACD EURUSD,H4: uninit reason 3
0	21:48:59.625	MACD EURUSD,H1: initialized
0	21:51:44.072	MACD EURUSD,H1: uninit reason 3
0	21:51:44.073	MACD EURUSD,H4: initialized
0	21:51:47.057	MACD EURUSD,H4: uninit reason 3
0	21:51:47.057	MACD EURUSD,Daily: initialized
0	21:51:49.673	MACD EURUSD,Daily: uninit reason 3
0	21:51:49.673	MACD EURUSD,Weekly: initialized
0	21:51:52.262	MACD EURUSD,Weekly: uninit reason 3
0	21:51:52.262	MACD EURUSD,Daily: initialized
0	22:05:01.108	Custom indicator MACD EURUSD,Daily: loaded successfully
0	22:05:01.126	MACD EURUSD,Daily: initialized
0	22:05:05.409	Custom indicator MACD EURUSD,H1: loaded successfully
0	22:05:05.427	MACD EURUSD,H1: initialized
0	22:05:10.531	Custom indicator MACD EURUSD,H4: loaded successfully
0	22:05:10.549	MACD EURUSD,H4: initialized
0	22:05:19.956	MACD EURUSD,Daily: uninit reason 3
0	22:05:19.956	MACD EURUSD,Weekly: initialized
0	22:05:53.551	MACD EURUSD,Daily: uninit reason 7
0	22:05:53.553	Custom indicator MACD EURUSD,Daily: removed
0	22:05:53.571	Custom indicator MACD EURUSD,Daily: loaded successfully
0	22:05:53.589	MACD EURUSD,Daily: initialized
0	22:05:58.644	MACD EURUSD,H4: uninit reason 7
0	22:05:58.649	Custom indicator MACD EURUSD,H4: removed
0	22:05:58.664	Custom indicator MACD EURUSD,H4: loaded successfully
0	22:05:58.899	MACD EURUSD,H4: initialized
0	22:06:05.835	MACD EURUSD,H1: uninit reason 7
0	22:06:05.838	Custom indicator MACD EURUSD,H1: removed
0	22:06:05.854	Custom indicator MACD EURUSD,H1: loaded successfully
0	22:06:05.872	MACD EURUSD,H1: initialized
0	22:15:48.563	MACD EURUSD,Weekly: uninit reason 7
0	22:15:48.567	Custom indicator MACD EURUSD,Weekly: removed
0	22:15:48.583	Custom indicator MACD EURUSD,Weekly: loaded successfully
0	22:15:48.601	MACD EURUSD,Weekly: initialized
0	22:15:54.721	MACD EURUSD,H4: uninit reason 7
0	22:15:54.725	Custom indicator MACD EURUSD,H4: removed
0	22:15:54.747	Custom indicator MACD EURUSD,H4: loaded successfully
0	22:15:54.770	MACD EURUSD,H4: initialized
0	22:15:59.515	MACD EURUSD,H1: uninit reason 7
0	22:15:59.517	Custom indicator MACD EURUSD,H1: removed
0	22:15:59.532	Custom indicator MACD EURUSD,H1: loaded successfully
0	22:15:59.550	MACD EURUSD,H1: initialized
0	22:18:03.484	MACD EURUSD,Weekly: uninit reason 4
0	22:18:03.484	MACD EURUSD,H4: uninit reason 4
0	22:18:03.484	MACD EURUSD,Daily: uninit reason 4
0	22:18:03.484	MACD EURUSD,H1: uninit reason 4
0	22:18:03.560	Custom indicator MACD EURUSD,H1: removed
0	22:18:03.593	Custom indicator MACD EURUSD,H4: removed
0	22:18:03.635	Custom indicator MACD EURUSD,Weekly: removed
0	22:18:03.664	Custom indicator MACD EURUSD,Daily: removed
0	22:18:03.706	Custom indicator MACD EURUSD,H1: loaded successfully
0	22:18:03.725	MACD EURUSD,H1: initialized
0	22:18:03.856	Custom indicator MACD EURUSD,H4: loaded successfully
0	22:18:03.875	MACD EURUSD,H4: initialized
0	22:18:04.069	Custom indicator MACD EURUSD,Daily: loaded successfully
0	22:18:04.089	MACD EURUSD,Daily: initialized
0	22:18:04.283	Custom indicator MACD EURUSD,H1: loaded successfully
0	22:18:04.303	MACD EURUSD,H1: initialized
0	22:18:18.430	MACD EURUSD,H1: uninit reason 4
0	22:18:18.430	MACD EURUSD,H4: uninit reason 4
0	22:18:18.430	MACD EURUSD,Daily: uninit reason 4
0	22:18:18.430	MACD EURUSD,H1: uninit reason 4
0	22:18:18.504	Custom indicator MACD EURUSD,H1: removed
0	22:18:18.546	Custom indicator MACD EURUSD,Daily: removed
0	22:18:18.585	Custom indicator MACD EURUSD,H4: removed
0	22:18:18.614	Custom indicator MACD EURUSD,H1: removed
0	22:18:18.652	Custom indicator MACD EURUSD,Weekly: loaded successfully
0	22:18:18.671	MACD EURUSD,Weekly: initialized
0	22:18:18.726	Custom indicator MACD EURUSD,H4: loaded successfully
0	22:18:18.746	MACD EURUSD,H4: initialized
0	22:18:18.807	Custom indicator MACD EURUSD,Daily: loaded successfully
0	22:18:18.826	MACD EURUSD,Daily: initialized
0	22:18:18.887	Custom indicator MACD EURUSD,H1: loaded successfully
